<?xml version="1.0" encoding="UTF-8"?>
<!-- Generated by org.testng.reporters.JUnitReportReporter -->
<testsuite name="com.crm.test.LoginTest" tests="2" time="49.173" ignored="0" failures="0" timestamp="15 Dec 2021 16:46:42 GMT" skipped="0" hostname="DESKTOP-SD5V08D" errors="0">
  <testcase name="ValidateTitle" time="12.869" classname="com.crm.test.LoginTest"/>
  <testcase name="verifyValidLogin" time="36.304" classname="com.crm.test.LoginTest"/>
</testsuite> <!-- com.crm.test.LoginTest -->
