<?xml version="1.0" encoding="UTF-8"?>
<!-- Generated by org.testng.reporters.JUnitReportReporter -->
<testsuite name="com.crm.test.ActionsPageTest" tests="3" time="3.911" ignored="0" failures="0" timestamp="16 Dec 2021 06:54:36 GMT" skipped="0" hostname="DESKTOP-SD5V08D" errors="0">
  <testcase name="verfiyCountOfSA" time="0.047" classname="com.crm.test.ActionsPageTest"/>
  <testcase name="verfiyTitle" time="0.031" classname="com.crm.test.ActionsPageTest"/>
  <testcase name="verfiyCompltedAction" time="3.833" classname="com.crm.test.ActionsPageTest"/>
</testsuite> <!-- com.crm.test.ActionsPageTest -->
