<?xml version="1.0" encoding="UTF-8"?>
<!-- Generated by org.testng.reporters.JUnitReportReporter -->
<testsuite skipped="0" hostname="MAHITHA-S-THINKPAD" name="com.crm.test.LoginTest" tests="1" failures="0" timestamp="2021-12-15T21:29:11 IST" time="6.992" errors="0">
  <testcase name="ValidateTitle" time="6.992" classname="com.crm.test.LoginTest"/>
  <system-out/>
</testsuite> <!-- com.crm.test.LoginTest -->
